<?xml version="1.0" encoding="UTF-8"?>
<testng-results ignored="0" total="1" passed="1" failed="0" skipped="0">
  <reporter-output>
  </reporter-output>
  <suite started-at="2021-07-14T19:44:20 IST" name="Suite" finished-at="2021-07-14T19:44:39 IST" duration-ms="18983">
    <groups>
    </groups>
    <test started-at="2021-07-14T19:44:20 IST" name="Test" finished-at="2021-07-14T19:44:39 IST" duration-ms="18983">
      <class name="PhpTravelsTest.RegistrationTest">
        <test-method is-config="true" signature="before()[pri:0, instance:PhpTravelsTest.RegistrationTest@22f59fa]" started-at="2021-07-14T19:44:20 IST" name="before" finished-at="2021-07-14T19:44:28 IST" duration-ms="8250" status="PASS">
          <reporter-output>
          </reporter-output>
        </test-method> <!-- before -->
        <test-method signature="ManualPassingValuesRegistrationTest()[pri:0, instance:PhpTravelsTest.RegistrationTest@22f59fa]" started-at="2021-07-14T19:44:28 IST" name="ManualPassingValuesRegistrationTest" finished-at="2021-07-14T19:44:38 IST" duration-ms="10303" status="PASS">
          <reporter-output>
          </reporter-output>
        </test-method> <!-- ManualPassingValuesRegistrationTest -->
        <test-method is-config="true" signature="after()[pri:0, instance:PhpTravelsTest.RegistrationTest@22f59fa]" started-at="2021-07-14T19:44:38 IST" name="after" finished-at="2021-07-14T19:44:39 IST" duration-ms="376" status="PASS">
          <reporter-output>
          </reporter-output>
        </test-method> <!-- after -->
      </class> <!-- PhpTravelsTest.RegistrationTest -->
    </test> <!-- Test -->
  </suite> <!-- Suite -->
</testng-results>
